The system is: Linux - 5.4.0-26-lowlatency - x86_64
Compiling the CXX compiler identification source file "CMakeCXXCompilerId.cpp" succeeded.
Compiler: /usr/bin/c++ 
Build flags: 
Id flags:  

The output was:
0


Compilation of the CXX compiler identification source "CMakeCXXCompilerId.cpp" produced "a.out"

The CXX compiler identification is GNU, found in "/home/brad/dev/riscv-uarch-attacks/CMakeFiles/3.16.3/CompilerIdCXX/a.out"

Determining if the CXX compiler works passed with the following output:
Change Dir: /home/brad/dev/riscv-uarch-attacks/CMakeFiles/CMakeTmp

Run Build Command(s):/usr/bin/make cmTC_817c6/fast && /usr/bin/make -f CMakeFiles/cmTC_817c6.dir/build.make CMakeFiles/cmTC_817c6.dir/build
make[1]: Entering directory '/home/brad/dev/riscv-uarch-attacks/CMakeFiles/CMakeTmp'
Building CXX object CMakeFiles/cmTC_817c6.dir/testCXXCompiler.cxx.o
/usr/bin/c++     -o CMakeFiles/cmTC_817c6.dir/testCXXCompiler.cxx.o -c /home/brad/dev/riscv-uarch-attacks/CMakeFiles/CMakeTmp/testCXXCompiler.cxx
Linking CXX executable cmTC_817c6
/usr/bin/cmake -E cmake_link_script CMakeFiles/cmTC_817c6.dir/link.txt --verbose=1
/usr/bin/c++       -rdynamic CMakeFiles/cmTC_817c6.dir/testCXXCompiler.cxx.o  -o cmTC_817c6 
make[1]: Leaving directory '/home/brad/dev/riscv-uarch-attacks/CMakeFiles/CMakeTmp'



Detecting CXX compiler ABI info compiled with the following output:
Change Dir: /home/brad/dev/riscv-uarch-attacks/CMakeFiles/CMakeTmp

Run Build Command(s):/usr/bin/make cmTC_bfded/fast && /usr/bin/make -f CMakeFiles/cmTC_bfded.dir/build.make CMakeFiles/cmTC_bfded.dir/build
make[1]: Entering directory '/home/brad/dev/riscv-uarch-attacks/CMakeFiles/CMakeTmp'
Building CXX object CMakeFiles/cmTC_bfded.dir/CMakeCXXCompilerABI.cpp.o
/usr/bin/c++    -v -o CMakeFiles/cmTC_bfded.dir/CMakeCXXCompilerABI.cpp.o -c /usr/share/cmake-3.16/Modules/CMakeCXXCompilerABI.cpp
Using built-in specs.
COLLECT_GCC=/usr/bin/c++
OFFLOAD_TARGET_NAMES=nvptx-none:hsa
OFFLOAD_TARGET_DEFAULT=1
Target: x86_64-linux-gnu
Configured with: ../src/configure -v --with-pkgversion='Ubuntu 9.3.0-10ubuntu2' --with-bugurl=file:///usr/share/doc/gcc-9/README.Bugs --enable-languages=c,ada,c++,go,brig,d,fortran,objc,obj-c++,gm2 --prefix=/usr --with-gcc-major-version-only --program-suffix=-9 --program-prefix=x86_64-linux-gnu- --enable-shared --enable-linker-build-id --libexecdir=/usr/lib --without-included-gettext --enable-threads=posix --libdir=/usr/lib --enable-nls --enable-clocale=gnu --enable-libstdcxx-debug --enable-libstdcxx-time=yes --with-default-libstdcxx-abi=new --enable-gnu-unique-object --disable-vtable-verify --enable-plugin --enable-default-pie --with-system-zlib --with-target-system-zlib=auto --enable-objc-gc=auto --enable-multiarch --disable-werror --with-arch-32=i686 --with-abi=m64 --with-multilib-list=m32,m64,mx32 --enable-multilib --with-tune=generic --enable-offload-targets=nvptx-none,hsa --without-cuda-driver --enable-checking=release --build=x86_64-linux-gnu --host=x86_64-linux-gnu --target=x86_64-linux-gnu
Thread model: posix
gcc version 9.3.0 (Ubuntu 9.3.0-10ubuntu2) 
COLLECT_GCC_OPTIONS='-v' '-o' 'CMakeFiles/cmTC_bfded.dir/CMakeCXXCompilerABI.cpp.o' '-c' '-shared-libgcc' '-mtune=generic' '-march=x86-64'
 /usr/lib/gcc/x86_64-linux-gnu/9/cc1plus -quiet -v -imultiarch x86_64-linux-gnu -D_GNU_SOURCE /usr/share/cmake-3.16/Modules/CMakeCXXCompilerABI.cpp -quiet -dumpbase CMakeCXXCompilerABI.cpp -mtune=generic -march=x86-64 -auxbase-strip CMakeFiles/cmTC_bfded.dir/CMakeCXXCompilerABI.cpp.o -version -fasynchronous-unwind-tables -fstack-protector-strong -Wformat -Wformat-security -fstack-clash-protection -fcf-protection -o /tmp/ccMHewI7.s
GNU C++14 (Ubuntu 9.3.0-10ubuntu2) version 9.3.0 (x86_64-linux-gnu)
	compiled by GNU C version 9.3.0, GMP version 6.2.0, MPFR version 4.0.2, MPC version 1.1.0, isl version isl-0.22.1-GMP

GGC heuristics: --param ggc-min-expand=100 --param ggc-min-heapsize=131072
ignoring duplicate directory "/usr/include/x86_64-linux-gnu/c++/9"
ignoring nonexistent directory "/usr/local/include/x86_64-linux-gnu"
ignoring nonexistent directory "/usr/lib/gcc/x86_64-linux-gnu/9/include-fixed"
ignoring nonexistent directory "/usr/lib/gcc/x86_64-linux-gnu/9/../../../../x86_64-linux-gnu/include"
#include "..." search starts here:
#include <...> search starts here:
 /usr/include/c++/9
 /usr/include/x86_64-linux-gnu/c++/9
 /usr/include/c++/9/backward
 /usr/lib/gcc/x86_64-linux-gnu/9/include
 /usr/local/include
 /usr/include/x86_64-linux-gnu
 /usr/include
End of search list.
GNU C++14 (Ubuntu 9.3.0-10ubuntu2) version 9.3.0 (x86_64-linux-gnu)
	compiled by GNU C version 9.3.0, GMP version 6.2.0, MPFR version 4.0.2, MPC version 1.1.0, isl version isl-0.22.1-GMP

GGC heuristics: --param ggc-min-expand=100 --param ggc-min-heapsize=131072
Compiler executable checksum: a3d04a02fbd98a786d710618ca593f02
COLLECT_GCC_OPTIONS='-v' '-o' 'CMakeFiles/cmTC_bfded.dir/CMakeCXXCompilerABI.cpp.o' '-c' '-shared-libgcc' '-mtune=generic' '-march=x86-64'
 as -v --64 -o CMakeFiles/cmTC_bfded.dir/CMakeCXXCompilerABI.cpp.o /tmp/ccMHewI7.s
GNU assembler version 2.34 (x86_64-linux-gnu) using BFD version (GNU Binutils for Ubuntu) 2.34
COMPILER_PATH=/usr/lib/gcc/x86_64-linux-gnu/9/:/usr/lib/gcc/x86_64-linux-gnu/9/:/usr/lib/gcc/x86_64-linux-gnu/:/usr/lib/gcc/x86_64-linux-gnu/9/:/usr/lib/gcc/x86_64-linux-gnu/
LIBRARY_PATH=/usr/lib/gcc/x86_64-linux-gnu/9/:/usr/lib/gcc/x86_64-linux-gnu/9/../../../x86_64-linux-gnu/:/usr/lib/gcc/x86_64-linux-gnu/9/../../../../lib/:/lib/x86_64-linux-gnu/:/lib/../lib/:/usr/lib/x86_64-linux-gnu/:/usr/lib/../lib/:/usr/lib/gcc/x86_64-linux-gnu/9/../../../:/lib/:/usr/lib/
COLLECT_GCC_OPTIONS='-v' '-o' 'CMakeFiles/cmTC_bfded.dir/CMakeCXXCompilerABI.cpp.o' '-c' '-shared-libgcc' '-mtune=generic' '-march=x86-64'
Linking CXX executable cmTC_bfded
/usr/bin/cmake -E cmake_link_script CMakeFiles/cmTC_bfded.dir/link.txt --verbose=1
/usr/bin/c++      -v -rdynamic CMakeFiles/cmTC_bfded.dir/CMakeCXXCompilerABI.cpp.o  -o cmTC_bfded 
Using built-in specs.
COLLECT_GCC=/usr/bin/c++
COLLECT_LTO_WRAPPER=/usr/lib/gcc/x86_64-linux-gnu/9/lto-wrapper
OFFLOAD_TARGET_NAMES=nvptx-none:hsa
OFFLOAD_TARGET_DEFAULT=1
Target: x86_64-linux-gnu
Configured with: ../src/configure -v --with-pkgversion='Ubuntu 9.3.0-10ubuntu2' --with-bugurl=file:///usr/share/doc/gcc-9/README.Bugs --enable-languages=c,ada,c++,go,brig,d,fortran,objc,obj-c++,gm2 --prefix=/usr --with-gcc-major-version-only --program-suffix=-9 --program-prefix=x86_64-linux-gnu- --enable-shared --enable-linker-build-id --libexecdir=/usr/lib --without-included-gettext --enable-threads=posix --libdir=/usr/lib --enable-nls --enable-clocale=gnu --enable-libstdcxx-debug --enable-libstdcxx-time=yes --with-default-libstdcxx-abi=new --enable-gnu-unique-object --disable-vtable-verify --enable-plugin --enable-default-pie --with-system-zlib --with-target-system-zlib=auto --enable-objc-gc=auto --enable-multiarch --disable-werror --with-arch-32=i686 --with-abi=m64 --with-multilib-list=m32,m64,mx32 --enable-multilib --with-tune=generic --enable-offload-targets=nvptx-none,hsa --without-cuda-driver --enable-checking=release --build=x86_64-linux-gnu --host=x86_64-linux-gnu --target=x86_64-linux-gnu
Thread model: posix
gcc version 9.3.0 (Ubuntu 9.3.0-10ubuntu2) 
COMPILER_PATH=/usr/lib/gcc/x86_64-linux-gnu/9/:/usr/lib/gcc/x86_64-linux-gnu/9/:/usr/lib/gcc/x86_64-linux-gnu/:/usr/lib/gcc/x86_64-linux-gnu/9/:/usr/lib/gcc/x86_64-linux-gnu/
LIBRARY_PATH=/usr/lib/gcc/x86_64-linux-gnu/9/:/usr/lib/gcc/x86_64-linux-gnu/9/../../../x86_64-linux-gnu/:/usr/lib/gcc/x86_64-linux-gnu/9/../../../../lib/:/lib/x86_64-linux-gnu/:/lib/../lib/:/usr/lib/x86_64-linux-gnu/:/usr/lib/../lib/:/usr/lib/gcc/x86_64-linux-gnu/9/../../../:/lib/:/usr/lib/
COLLECT_GCC_OPTIONS='-v' '-rdynamic' '-o' 'cmTC_bfded' '-shared-libgcc' '-mtune=generic' '-march=x86-64'
 /usr/lib/gcc/x86_64-linux-gnu/9/collect2 -plugin /usr/lib/gcc/x86_64-linux-gnu/9/liblto_plugin.so -plugin-opt=/usr/lib/gcc/x86_64-linux-gnu/9/lto-wrapper -plugin-opt=-fresolution=/tmp/ccrmQuxB.res -plugin-opt=-pass-through=-lgcc_s -plugin-opt=-pass-through=-lgcc -plugin-opt=-pass-through=-lc -plugin-opt=-pass-through=-lgcc_s -plugin-opt=-pass-through=-lgcc --build-id --eh-frame-hdr -m elf_x86_64 --hash-style=gnu --as-needed -export-dynamic -dynamic-linker /lib64/ld-linux-x86-64.so.2 -pie -z now -z relro -o cmTC_bfded /usr/lib/gcc/x86_64-linux-gnu/9/../../../x86_64-linux-gnu/Scrt1.o /usr/lib/gcc/x86_64-linux-gnu/9/../../../x86_64-linux-gnu/crti.o /usr/lib/gcc/x86_64-linux-gnu/9/crtbeginS.o -L/usr/lib/gcc/x86_64-linux-gnu/9 -L/usr/lib/gcc/x86_64-linux-gnu/9/../../../x86_64-linux-gnu -L/usr/lib/gcc/x86_64-linux-gnu/9/../../../../lib -L/lib/x86_64-linux-gnu -L/lib/../lib -L/usr/lib/x86_64-linux-gnu -L/usr/lib/../lib -L/usr/lib/gcc/x86_64-linux-gnu/9/../../.. CMakeFiles/cmTC_bfded.dir/CMakeCXXCompilerABI.cpp.o -lstdc++ -lm -lgcc_s -lgcc -lc -lgcc_s -lgcc /usr/lib/gcc/x86_64-linux-gnu/9/crtendS.o /usr/lib/gcc/x86_64-linux-gnu/9/../../../x86_64-linux-gnu/crtn.o
COLLECT_GCC_OPTIONS='-v' '-rdynamic' '-o' 'cmTC_bfded' '-shared-libgcc' '-mtune=generic' '-march=x86-64'
make[1]: Leaving directory '/home/brad/dev/riscv-uarch-attacks/CMakeFiles/CMakeTmp'



Parsed CXX implicit include dir info from above output: rv=done
  found start of include info
  found start of implicit include info
    add: [/usr/include/c++/9]
    add: [/usr/include/x86_64-linux-gnu/c++/9]
    add: [/usr/include/c++/9/backward]
    add: [/usr/lib/gcc/x86_64-linux-gnu/9/include]
    add: [/usr/local/include]
    add: [/usr/include/x86_64-linux-gnu]
    add: [/usr/include]
  end of search list found
  collapse include dir [/usr/include/c++/9] ==> [/usr/include/c++/9]
  collapse include dir [/usr/include/x86_64-linux-gnu/c++/9] ==> [/usr/include/x86_64-linux-gnu/c++/9]
  collapse include dir [/usr/include/c++/9/backward] ==> [/usr/include/c++/9/backward]
  collapse include dir [/usr/lib/gcc/x86_64-linux-gnu/9/include] ==> [/usr/lib/gcc/x86_64-linux-gnu/9/include]
  collapse include dir [/usr/local/include] ==> [/usr/local/include]
  collapse include dir [/usr/include/x86_64-linux-gnu] ==> [/usr/include/x86_64-linux-gnu]
  collapse include dir [/usr/include] ==> [/usr/include]
  implicit include dirs: [/usr/include/c++/9;/usr/include/x86_64-linux-gnu/c++/9;/usr/include/c++/9/backward;/usr/lib/gcc/x86_64-linux-gnu/9/include;/usr/local/include;/usr/include/x86_64-linux-gnu;/usr/include]


Parsed CXX implicit link information from above output:
  link line regex: [^( *|.*[/\])(ld|CMAKE_LINK_STARTFILE-NOTFOUND|([^/\]+-)?ld|collect2)[^/\]*( |$)]
  ignore line: [Change Dir: /home/brad/dev/riscv-uarch-attacks/CMakeFiles/CMakeTmp]
  ignore line: []
  ignore line: [Run Build Command(s):/usr/bin/make cmTC_bfded/fast && /usr/bin/make -f CMakeFiles/cmTC_bfded.dir/build.make CMakeFiles/cmTC_bfded.dir/build]
  ignore line: [make[1]: Entering directory '/home/brad/dev/riscv-uarch-attacks/CMakeFiles/CMakeTmp']
  ignore line: [Building CXX object CMakeFiles/cmTC_bfded.dir/CMakeCXXCompilerABI.cpp.o]
  ignore line: [/usr/bin/c++    -v -o CMakeFiles/cmTC_bfded.dir/CMakeCXXCompilerABI.cpp.o -c /usr/share/cmake-3.16/Modules/CMakeCXXCompilerABI.cpp]
  ignore line: [Using built-in specs.]
  ignore line: [COLLECT_GCC=/usr/bin/c++]
  ignore line: [OFFLOAD_TARGET_NAMES=nvptx-none:hsa]
  ignore line: [OFFLOAD_TARGET_DEFAULT=1]
  ignore line: [Target: x86_64-linux-gnu]
  ignore line: [Configured with: ../src/configure -v --with-pkgversion='Ubuntu 9.3.0-10ubuntu2' --with-bugurl=file:///usr/share/doc/gcc-9/README.Bugs --enable-languages=c ada c++ go brig d fortran objc obj-c++ gm2 --prefix=/usr --with-gcc-major-version-only --program-suffix=-9 --program-prefix=x86_64-linux-gnu- --enable-shared --enable-linker-build-id --libexecdir=/usr/lib --without-included-gettext --enable-threads=posix --libdir=/usr/lib --enable-nls --enable-clocale=gnu --enable-libstdcxx-debug --enable-libstdcxx-time=yes --with-default-libstdcxx-abi=new --enable-gnu-unique-object --disable-vtable-verify --enable-plugin --enable-default-pie --with-system-zlib --with-target-system-zlib=auto --enable-objc-gc=auto --enable-multiarch --disable-werror --with-arch-32=i686 --with-abi=m64 --with-multilib-list=m32 m64 mx32 --enable-multilib --with-tune=generic --enable-offload-targets=nvptx-none hsa --without-cuda-driver --enable-checking=release --build=x86_64-linux-gnu --host=x86_64-linux-gnu --target=x86_64-linux-gnu]
  ignore line: [Thread model: posix]
  ignore line: [gcc version 9.3.0 (Ubuntu 9.3.0-10ubuntu2) ]
  ignore line: [COLLECT_GCC_OPTIONS='-v' '-o' 'CMakeFiles/cmTC_bfded.dir/CMakeCXXCompilerABI.cpp.o' '-c' '-shared-libgcc' '-mtune=generic' '-march=x86-64']
  ignore line: [ /usr/lib/gcc/x86_64-linux-gnu/9/cc1plus -quiet -v -imultiarch x86_64-linux-gnu -D_GNU_SOURCE /usr/share/cmake-3.16/Modules/CMakeCXXCompilerABI.cpp -quiet -dumpbase CMakeCXXCompilerABI.cpp -mtune=generic -march=x86-64 -auxbase-strip CMakeFiles/cmTC_bfded.dir/CMakeCXXCompilerABI.cpp.o -version -fasynchronous-unwind-tables -fstack-protector-strong -Wformat -Wformat-security -fstack-clash-protection -fcf-protection -o /tmp/ccMHewI7.s]
  ignore line: [GNU C++14 (Ubuntu 9.3.0-10ubuntu2) version 9.3.0 (x86_64-linux-gnu)]
  ignore line: [	compiled by GNU C version 9.3.0  GMP version 6.2.0  MPFR version 4.0.2  MPC version 1.1.0  isl version isl-0.22.1-GMP]
  ignore line: []
  ignore line: [GGC heuristics: --param ggc-min-expand=100 --param ggc-min-heapsize=131072]
  ignore line: [ignoring duplicate directory "/usr/include/x86_64-linux-gnu/c++/9"]
  ignore line: [ignoring nonexistent directory "/usr/local/include/x86_64-linux-gnu"]
  ignore line: [ignoring nonexistent directory "/usr/lib/gcc/x86_64-linux-gnu/9/include-fixed"]
  ignore line: [ignoring nonexistent directory "/usr/lib/gcc/x86_64-linux-gnu/9/../../../../x86_64-linux-gnu/include"]
  ignore line: [#include "..." search starts here:]
  ignore line: [#include <...> search starts here:]
  ignore line: [ /usr/include/c++/9]
  ignore line: [ /usr/include/x86_64-linux-gnu/c++/9]
  ignore line: [ /usr/include/c++/9/backward]
  ignore line: [ /usr/lib/gcc/x86_64-linux-gnu/9/include]
  ignore line: [ /usr/local/include]
  ignore line: [ /usr/include/x86_64-linux-gnu]
  ignore line: [ /usr/include]
  ignore line: [End of search list.]
  ignore line: [GNU C++14 (Ubuntu 9.3.0-10ubuntu2) version 9.3.0 (x86_64-linux-gnu)]
  ignore line: [	compiled by GNU C version 9.3.0  GMP version 6.2.0  MPFR version 4.0.2  MPC version 1.1.0  isl version isl-0.22.1-GMP]
  ignore line: []
  ignore line: [GGC heuristics: --param ggc-min-expand=100 --param ggc-min-heapsize=131072]
  ignore line: [Compiler executable checksum: a3d04a02fbd98a786d710618ca593f02]
  ignore line: [COLLECT_GCC_OPTIONS='-v' '-o' 'CMakeFiles/cmTC_bfded.dir/CMakeCXXCompilerABI.cpp.o' '-c' '-shared-libgcc' '-mtune=generic' '-march=x86-64']
  ignore line: [ as -v --64 -o CMakeFiles/cmTC_bfded.dir/CMakeCXXCompilerABI.cpp.o /tmp/ccMHewI7.s]
  ignore line: [GNU assembler version 2.34 (x86_64-linux-gnu) using BFD version (GNU Binutils for Ubuntu) 2.34]
  ignore line: [COMPILER_PATH=/usr/lib/gcc/x86_64-linux-gnu/9/:/usr/lib/gcc/x86_64-linux-gnu/9/:/usr/lib/gcc/x86_64-linux-gnu/:/usr/lib/gcc/x86_64-linux-gnu/9/:/usr/lib/gcc/x86_64-linux-gnu/]
  ignore line: [LIBRARY_PATH=/usr/lib/gcc/x86_64-linux-gnu/9/:/usr/lib/gcc/x86_64-linux-gnu/9/../../../x86_64-linux-gnu/:/usr/lib/gcc/x86_64-linux-gnu/9/../../../../lib/:/lib/x86_64-linux-gnu/:/lib/../lib/:/usr/lib/x86_64-linux-gnu/:/usr/lib/../lib/:/usr/lib/gcc/x86_64-linux-gnu/9/../../../:/lib/:/usr/lib/]
  ignore line: [COLLECT_GCC_OPTIONS='-v' '-o' 'CMakeFiles/cmTC_bfded.dir/CMakeCXXCompilerABI.cpp.o' '-c' '-shared-libgcc' '-mtune=generic' '-march=x86-64']
  ignore line: [Linking CXX executable cmTC_bfded]
  ignore line: [/usr/bin/cmake -E cmake_link_script CMakeFiles/cmTC_bfded.dir/link.txt --verbose=1]
  ignore line: [/usr/bin/c++      -v -rdynamic CMakeFiles/cmTC_bfded.dir/CMakeCXXCompilerABI.cpp.o  -o cmTC_bfded ]
  ignore line: [Using built-in specs.]
  ignore line: [COLLECT_GCC=/usr/bin/c++]
  ignore line: [COLLECT_LTO_WRAPPER=/usr/lib/gcc/x86_64-linux-gnu/9/lto-wrapper]
  ignore line: [OFFLOAD_TARGET_NAMES=nvptx-none:hsa]
  ignore line: [OFFLOAD_TARGET_DEFAULT=1]
  ignore line: [Target: x86_64-linux-gnu]
  ignore line: [Configured with: ../src/configure -v --with-pkgversion='Ubuntu 9.3.0-10ubuntu2' --with-bugurl=file:///usr/share/doc/gcc-9/README.Bugs --enable-languages=c ada c++ go brig d fortran objc obj-c++ gm2 --prefix=/usr --with-gcc-major-version-only --program-suffix=-9 --program-prefix=x86_64-linux-gnu- --enable-shared --enable-linker-build-id --libexecdir=/usr/lib --without-included-gettext --enable-threads=posix --libdir=/usr/lib --enable-nls --enable-clocale=gnu --enable-libstdcxx-debug --enable-libstdcxx-time=yes --with-default-libstdcxx-abi=new --enable-gnu-unique-object --disable-vtable-verify --enable-plugin --enable-default-pie --with-system-zlib --with-target-system-zlib=auto --enable-objc-gc=auto --enable-multiarch --disable-werror --with-arch-32=i686 --with-abi=m64 --with-multilib-list=m32 m64 mx32 --enable-multilib --with-tune=generic --enable-offload-targets=nvptx-none hsa --without-cuda-driver --enable-checking=release --build=x86_64-linux-gnu --host=x86_64-linux-gnu --target=x86_64-linux-gnu]
  ignore line: [Thread model: posix]
  ignore line: [gcc version 9.3.0 (Ubuntu 9.3.0-10ubuntu2) ]
  ignore line: [COMPILER_PATH=/usr/lib/gcc/x86_64-linux-gnu/9/:/usr/lib/gcc/x86_64-linux-gnu/9/:/usr/lib/gcc/x86_64-linux-gnu/:/usr/lib/gcc/x86_64-linux-gnu/9/:/usr/lib/gcc/x86_64-linux-gnu/]
  ignore line: [LIBRARY_PATH=/usr/lib/gcc/x86_64-linux-gnu/9/:/usr/lib/gcc/x86_64-linux-gnu/9/../../../x86_64-linux-gnu/:/usr/lib/gcc/x86_64-linux-gnu/9/../../../../lib/:/lib/x86_64-linux-gnu/:/lib/../lib/:/usr/lib/x86_64-linux-gnu/:/usr/lib/../lib/:/usr/lib/gcc/x86_64-linux-gnu/9/../../../:/lib/:/usr/lib/]
  ignore line: [COLLECT_GCC_OPTIONS='-v' '-rdynamic' '-o' 'cmTC_bfded' '-shared-libgcc' '-mtune=generic' '-march=x86-64']
  link line: [ /usr/lib/gcc/x86_64-linux-gnu/9/collect2 -plugin /usr/lib/gcc/x86_64-linux-gnu/9/liblto_plugin.so -plugin-opt=/usr/lib/gcc/x86_64-linux-gnu/9/lto-wrapper -plugin-opt=-fresolution=/tmp/ccrmQuxB.res -plugin-opt=-pass-through=-lgcc_s -plugin-opt=-pass-through=-lgcc -plugin-opt=-pass-through=-lc -plugin-opt=-pass-through=-lgcc_s -plugin-opt=-pass-through=-lgcc --build-id --eh-frame-hdr -m elf_x86_64 --hash-style=gnu --as-needed -export-dynamic -dynamic-linker /lib64/ld-linux-x86-64.so.2 -pie -z now -z relro -o cmTC_bfded /usr/lib/gcc/x86_64-linux-gnu/9/../../../x86_64-linux-gnu/Scrt1.o /usr/lib/gcc/x86_64-linux-gnu/9/../../../x86_64-linux-gnu/crti.o /usr/lib/gcc/x86_64-linux-gnu/9/crtbeginS.o -L/usr/lib/gcc/x86_64-linux-gnu/9 -L/usr/lib/gcc/x86_64-linux-gnu/9/../../../x86_64-linux-gnu -L/usr/lib/gcc/x86_64-linux-gnu/9/../../../../lib -L/lib/x86_64-linux-gnu -L/lib/../lib -L/usr/lib/x86_64-linux-gnu -L/usr/lib/../lib -L/usr/lib/gcc/x86_64-linux-gnu/9/../../.. CMakeFiles/cmTC_bfded.dir/CMakeCXXCompilerABI.cpp.o -lstdc++ -lm -lgcc_s -lgcc -lc -lgcc_s -lgcc /usr/lib/gcc/x86_64-linux-gnu/9/crtendS.o /usr/lib/gcc/x86_64-linux-gnu/9/../../../x86_64-linux-gnu/crtn.o]
    arg [/usr/lib/gcc/x86_64-linux-gnu/9/collect2] ==> ignore
    arg [-plugin] ==> ignore
    arg [/usr/lib/gcc/x86_64-linux-gnu/9/liblto_plugin.so] ==> ignore
    arg [-plugin-opt=/usr/lib/gcc/x86_64-linux-gnu/9/lto-wrapper] ==> ignore
    arg [-plugin-opt=-fresolution=/tmp/ccrmQuxB.res] ==> ignore
    arg [-plugin-opt=-pass-through=-lgcc_s] ==> ignore
    arg [-plugin-opt=-pass-through=-lgcc] ==> ignore
    arg [-plugin-opt=-pass-through=-lc] ==> ignore
    arg [-plugin-opt=-pass-through=-lgcc_s] ==> ignore
    arg [-plugin-opt=-pass-through=-lgcc] ==> ignore
    arg [--build-id] ==> ignore
    arg [--eh-frame-hdr] ==> ignore
    arg [-m] ==> ignore
    arg [elf_x86_64] ==> ignore
    arg [--hash-style=gnu] ==> ignore
    arg [--as-needed] ==> ignore
    arg [-export-dynamic] ==> ignore
    arg [-dynamic-linker] ==> ignore
    arg [/lib64/ld-linux-x86-64.so.2] ==> ignore
    arg [-pie] ==> ignore
    arg [-znow] ==> ignore
    arg [-zrelro] ==> ignore
    arg [-o] ==> ignore
    arg [cmTC_bfded] ==> ignore
    arg [/usr/lib/gcc/x86_64-linux-gnu/9/../../../x86_64-linux-gnu/Scrt1.o] ==> ignore
    arg [/usr/lib/gcc/x86_64-linux-gnu/9/../../../x86_64-linux-gnu/crti.o] ==> ignore
    arg [/usr/lib/gcc/x86_64-linux-gnu/9/crtbeginS.o] ==> ignore
    arg [-L/usr/lib/gcc/x86_64-linux-gnu/9] ==> dir [/usr/lib/gcc/x86_64-linux-gnu/9]
    arg [-L/usr/lib/gcc/x86_64-linux-gnu/9/../../../x86_64-linux-gnu] ==> dir [/usr/lib/gcc/x86_64-linux-gnu/9/../../../x86_64-linux-gnu]
    arg [-L/usr/lib/gcc/x86_64-linux-gnu/9/../../../../lib] ==> dir [/usr/lib/gcc/x86_64-linux-gnu/9/../../../../lib]
    arg [-L/lib/x86_64-linux-gnu] ==> dir [/lib/x86_64-linux-gnu]
    arg [-L/lib/../lib] ==> dir [/lib/../lib]
    arg [-L/usr/lib/x86_64-linux-gnu] ==> dir [/usr/lib/x86_64-linux-gnu]
    arg [-L/usr/lib/../lib] ==> dir [/usr/lib/../lib]
    arg [-L/usr/lib/gcc/x86_64-linux-gnu/9/../../..] ==> dir [/usr/lib/gcc/x86_64-linux-gnu/9/../../..]
    arg [CMakeFiles/cmTC_bfded.dir/CMakeCXXCompilerABI.cpp.o] ==> ignore
    arg [-lstdc++] ==> lib [stdc++]
    arg [-lm] ==> lib [m]
    arg [-lgcc_s] ==> lib [gcc_s]
    arg [-lgcc] ==> lib [gcc]
    arg [-lc] ==> lib [c]
    arg [-lgcc_s] ==> lib [gcc_s]
    arg [-lgcc] ==> lib [gcc]
    arg [/usr/lib/gcc/x86_64-linux-gnu/9/crtendS.o] ==> ignore
    arg [/usr/lib/gcc/x86_64-linux-gnu/9/../../../x86_64-linux-gnu/crtn.o] ==> ignore
  collapse library dir [/usr/lib/gcc/x86_64-linux-gnu/9] ==> [/usr/lib/gcc/x86_64-linux-gnu/9]
  collapse library dir [/usr/lib/gcc/x86_64-linux-gnu/9/../../../x86_64-linux-gnu] ==> [/usr/lib/x86_64-linux-gnu]
  collapse library dir [/usr/lib/gcc/x86_64-linux-gnu/9/../../../../lib] ==> [/usr/lib]
  collapse library dir [/lib/x86_64-linux-gnu] ==> [/lib/x86_64-linux-gnu]
  collapse library dir [/lib/../lib] ==> [/lib]
  collapse library dir [/usr/lib/x86_64-linux-gnu] ==> [/usr/lib/x86_64-linux-gnu]
  collapse library dir [/usr/lib/../lib] ==> [/usr/lib]
  collapse library dir [/usr/lib/gcc/x86_64-linux-gnu/9/../../..] ==> [/usr/lib]
  implicit libs: [stdc++;m;gcc_s;gcc;c;gcc_s;gcc]
  implicit dirs: [/usr/lib/gcc/x86_64-linux-gnu/9;/usr/lib/x86_64-linux-gnu;/usr/lib;/lib/x86_64-linux-gnu;/lib]
  implicit fwks: []


Compiling the C compiler identification source file "CMakeCCompilerId.c" succeeded.
Compiler: /opt/riscv/bin/riscv64-unknown-linux-gnu-gcc 
Build flags: 
Id flags:  

The output was:
0


Compilation of the C compiler identification source "CMakeCCompilerId.c" produced "a.out"

The C compiler identification is GNU, found in "/home/brad/dev/riscv-uarch-attacks/CMakeFiles/3.16.3/CompilerIdC/a.out"

Determining if the C compiler works passed with the following output:
Change Dir: /home/brad/dev/riscv-uarch-attacks/CMakeFiles/CMakeTmp

Run Build Command(s):/usr/bin/make cmTC_10e55/fast && /usr/bin/make -f CMakeFiles/cmTC_10e55.dir/build.make CMakeFiles/cmTC_10e55.dir/build
make[1]: Entering directory '/home/brad/dev/riscv-uarch-attacks/CMakeFiles/CMakeTmp'
Building C object CMakeFiles/cmTC_10e55.dir/testCCompiler.c.o
/opt/riscv/bin/riscv64-unknown-linux-gnu-gcc    -o CMakeFiles/cmTC_10e55.dir/testCCompiler.c.o   -c /home/brad/dev/riscv-uarch-attacks/CMakeFiles/CMakeTmp/testCCompiler.c
Linking C executable cmTC_10e55
/usr/bin/cmake -E cmake_link_script CMakeFiles/cmTC_10e55.dir/link.txt --verbose=1
/opt/riscv/bin/riscv64-unknown-linux-gnu-gcc      -rdynamic CMakeFiles/cmTC_10e55.dir/testCCompiler.c.o  -o cmTC_10e55 
make[1]: Leaving directory '/home/brad/dev/riscv-uarch-attacks/CMakeFiles/CMakeTmp'



Detecting C compiler ABI info compiled with the following output:
Change Dir: /home/brad/dev/riscv-uarch-attacks/CMakeFiles/CMakeTmp

Run Build Command(s):/usr/bin/make cmTC_a2e74/fast && /usr/bin/make -f CMakeFiles/cmTC_a2e74.dir/build.make CMakeFiles/cmTC_a2e74.dir/build
make[1]: Entering directory '/home/brad/dev/riscv-uarch-attacks/CMakeFiles/CMakeTmp'
Building C object CMakeFiles/cmTC_a2e74.dir/CMakeCCompilerABI.c.o
/opt/riscv/bin/riscv64-unknown-linux-gnu-gcc   -v -o CMakeFiles/cmTC_a2e74.dir/CMakeCCompilerABI.c.o   -c /usr/share/cmake-3.16/Modules/CMakeCCompilerABI.c
Using built-in specs.
COLLECT_GCC=/opt/riscv/bin/riscv64-unknown-linux-gnu-gcc
Target: riscv64-unknown-linux-gnu
Configured with: /home/brad/dev/riscv-gnu-toolchain/riscv-gcc/configure --target=riscv64-unknown-linux-gnu --prefix=/opt/riscv --with-sysroot=/opt/riscv/sysroot --with-system-zlib --enable-shared --enable-tls --enable-languages=c,c++,fortran --disable-libmudflap --disable-libssp --disable-libquadmath --disable-nls --disable-bootstrap --src=.././riscv-gcc --disable-multilib --with-abi=lp64d --with-arch=rv64imafdc --with-tune=rocket 'CFLAGS_FOR_TARGET=-O2   -mcmodel=medlow' 'CXXFLAGS_FOR_TARGET=-O2   -mcmodel=medlow'
Thread model: posix
gcc version 9.2.0 (GCC) 
COLLECT_GCC_OPTIONS='-v' '-o' 'CMakeFiles/cmTC_a2e74.dir/CMakeCCompilerABI.c.o' '-c' '-mtune=rocket' '-march=rv64imafdc' '-mabi=lp64d'
 /opt/riscv/libexec/gcc/riscv64-unknown-linux-gnu/9.2.0/cc1 -quiet -v /usr/share/cmake-3.16/Modules/CMakeCCompilerABI.c -quiet -dumpbase CMakeCCompilerABI.c -mtune=rocket -march=rv64imafdc -mabi=lp64d -auxbase-strip CMakeFiles/cmTC_a2e74.dir/CMakeCCompilerABI.c.o -version -o /tmp/cct5BnHf.s
GNU C17 (GCC) version 9.2.0 (riscv64-unknown-linux-gnu)
	compiled by GNU C version 7.4.0, GMP version 6.1.2, MPFR version 4.0.1, MPC version 1.1.0, isl version none
warning: GMP header version 6.1.2 differs from library version 6.2.0.
warning: MPFR header version 4.0.1 differs from library version 4.0.2.
GGC heuristics: --param ggc-min-expand=100 --param ggc-min-heapsize=131072
ignoring nonexistent directory "/opt/riscv/sysroot/usr/local/include"
#include "..." search starts here:
#include <...> search starts here:
 /opt/riscv/lib/gcc/riscv64-unknown-linux-gnu/9.2.0/include
 /opt/riscv/lib/gcc/riscv64-unknown-linux-gnu/9.2.0/include-fixed
 /opt/riscv/lib/gcc/riscv64-unknown-linux-gnu/9.2.0/../../../../riscv64-unknown-linux-gnu/include
 /opt/riscv/sysroot/usr/include
End of search list.
GNU C17 (GCC) version 9.2.0 (riscv64-unknown-linux-gnu)
	compiled by GNU C version 7.4.0, GMP version 6.1.2, MPFR version 4.0.1, MPC version 1.1.0, isl version none
warning: GMP header version 6.1.2 differs from library version 6.2.0.
warning: MPFR header version 4.0.1 differs from library version 4.0.2.
GGC heuristics: --param ggc-min-expand=100 --param ggc-min-heapsize=131072
Compiler executable checksum: 09bcd9495336ef1095400e576ed3e429
COLLECT_GCC_OPTIONS='-v' '-o' 'CMakeFiles/cmTC_a2e74.dir/CMakeCCompilerABI.c.o' '-c' '-mtune=rocket' '-march=rv64imafdc' '-mabi=lp64d'
 /opt/riscv/lib/gcc/riscv64-unknown-linux-gnu/9.2.0/../../../../riscv64-unknown-linux-gnu/bin/as -v --traditional-format -march=rv64imafdc -mabi=lp64d -o CMakeFiles/cmTC_a2e74.dir/CMakeCCompilerABI.c.o /tmp/cct5BnHf.s
GNU assembler version 2.34 (riscv64-unknown-linux-gnu) using BFD version (GNU Binutils) 2.34
COMPILER_PATH=/opt/riscv/libexec/gcc/riscv64-unknown-linux-gnu/9.2.0/:/opt/riscv/libexec/gcc/riscv64-unknown-linux-gnu/9.2.0/:/opt/riscv/libexec/gcc/riscv64-unknown-linux-gnu/:/opt/riscv/lib/gcc/riscv64-unknown-linux-gnu/9.2.0/:/opt/riscv/lib/gcc/riscv64-unknown-linux-gnu/:/opt/riscv/lib/gcc/riscv64-unknown-linux-gnu/9.2.0/../../../../riscv64-unknown-linux-gnu/bin/
LIBRARY_PATH=/opt/riscv/lib/gcc/riscv64-unknown-linux-gnu/9.2.0/:/opt/riscv/lib/gcc/riscv64-unknown-linux-gnu/9.2.0/../../../../riscv64-unknown-linux-gnu/lib/:/opt/riscv/sysroot/lib/:/opt/riscv/sysroot/usr/lib/
COLLECT_GCC_OPTIONS='-v' '-o' 'CMakeFiles/cmTC_a2e74.dir/CMakeCCompilerABI.c.o' '-c' '-mtune=rocket' '-march=rv64imafdc' '-mabi=lp64d'
Linking C executable cmTC_a2e74
/usr/bin/cmake -E cmake_link_script CMakeFiles/cmTC_a2e74.dir/link.txt --verbose=1
/opt/riscv/bin/riscv64-unknown-linux-gnu-gcc     -v -rdynamic CMakeFiles/cmTC_a2e74.dir/CMakeCCompilerABI.c.o  -o cmTC_a2e74 
Using built-in specs.
COLLECT_GCC=/opt/riscv/bin/riscv64-unknown-linux-gnu-gcc
COLLECT_LTO_WRAPPER=/opt/riscv/libexec/gcc/riscv64-unknown-linux-gnu/9.2.0/lto-wrapper
Target: riscv64-unknown-linux-gnu
Configured with: /home/brad/dev/riscv-gnu-toolchain/riscv-gcc/configure --target=riscv64-unknown-linux-gnu --prefix=/opt/riscv --with-sysroot=/opt/riscv/sysroot --with-system-zlib --enable-shared --enable-tls --enable-languages=c,c++,fortran --disable-libmudflap --disable-libssp --disable-libquadmath --disable-nls --disable-bootstrap --src=.././riscv-gcc --disable-multilib --with-abi=lp64d --with-arch=rv64imafdc --with-tune=rocket 'CFLAGS_FOR_TARGET=-O2   -mcmodel=medlow' 'CXXFLAGS_FOR_TARGET=-O2   -mcmodel=medlow'
Thread model: posix
gcc version 9.2.0 (GCC) 
COMPILER_PATH=/opt/riscv/libexec/gcc/riscv64-unknown-linux-gnu/9.2.0/:/opt/riscv/libexec/gcc/riscv64-unknown-linux-gnu/9.2.0/:/opt/riscv/libexec/gcc/riscv64-unknown-linux-gnu/:/opt/riscv/lib/gcc/riscv64-unknown-linux-gnu/9.2.0/:/opt/riscv/lib/gcc/riscv64-unknown-linux-gnu/:/opt/riscv/lib/gcc/riscv64-unknown-linux-gnu/9.2.0/../../../../riscv64-unknown-linux-gnu/bin/
LIBRARY_PATH=/opt/riscv/lib/gcc/riscv64-unknown-linux-gnu/9.2.0/:/opt/riscv/lib/gcc/riscv64-unknown-linux-gnu/9.2.0/../../../../riscv64-unknown-linux-gnu/lib/:/opt/riscv/sysroot/lib/:/opt/riscv/sysroot/usr/lib/
COLLECT_GCC_OPTIONS='-v' '-rdynamic' '-o' 'cmTC_a2e74' '-mtune=rocket' '-march=rv64imafdc' '-mabi=lp64d'
 /opt/riscv/libexec/gcc/riscv64-unknown-linux-gnu/9.2.0/collect2 -plugin /opt/riscv/libexec/gcc/riscv64-unknown-linux-gnu/9.2.0/liblto_plugin.so -plugin-opt=/opt/riscv/libexec/gcc/riscv64-unknown-linux-gnu/9.2.0/lto-wrapper -plugin-opt=-fresolution=/tmp/ccg9Sb9H.res -plugin-opt=-pass-through=-lgcc -plugin-opt=-pass-through=-lgcc_s -plugin-opt=-pass-through=-lc -plugin-opt=-pass-through=-lgcc -plugin-opt=-pass-through=-lgcc_s --sysroot=/opt/riscv/sysroot --eh-frame-hdr -melf64lriscv -export-dynamic -dynamic-linker /lib/ld-linux-riscv64-lp64d.so.1 -o cmTC_a2e74 /opt/riscv/sysroot/usr/lib/crt1.o /opt/riscv/lib/gcc/riscv64-unknown-linux-gnu/9.2.0/crti.o /opt/riscv/lib/gcc/riscv64-unknown-linux-gnu/9.2.0/crtbegin.o -L/opt/riscv/lib/gcc/riscv64-unknown-linux-gnu/9.2.0 -L/opt/riscv/lib/gcc/riscv64-unknown-linux-gnu/9.2.0/../../../../riscv64-unknown-linux-gnu/lib -L/opt/riscv/sysroot/lib -L/opt/riscv/sysroot/usr/lib CMakeFiles/cmTC_a2e74.dir/CMakeCCompilerABI.c.o -lgcc --push-state --as-needed -lgcc_s --pop-state -lc -lgcc --push-state --as-needed -lgcc_s --pop-state /opt/riscv/lib/gcc/riscv64-unknown-linux-gnu/9.2.0/crtend.o /opt/riscv/lib/gcc/riscv64-unknown-linux-gnu/9.2.0/crtn.o
COLLECT_GCC_OPTIONS='-v' '-rdynamic' '-o' 'cmTC_a2e74' '-mtune=rocket' '-march=rv64imafdc' '-mabi=lp64d'
make[1]: Leaving directory '/home/brad/dev/riscv-uarch-attacks/CMakeFiles/CMakeTmp'



Parsed C implicit include dir info from above output: rv=done
  found start of include info
  found start of implicit include info
    add: [/opt/riscv/lib/gcc/riscv64-unknown-linux-gnu/9.2.0/include]
    add: [/opt/riscv/lib/gcc/riscv64-unknown-linux-gnu/9.2.0/include-fixed]
    add: [/opt/riscv/lib/gcc/riscv64-unknown-linux-gnu/9.2.0/../../../../riscv64-unknown-linux-gnu/include]
    add: [/opt/riscv/sysroot/usr/include]
  end of search list found
  collapse include dir [/opt/riscv/lib/gcc/riscv64-unknown-linux-gnu/9.2.0/include] ==> [/opt/riscv/lib/gcc/riscv64-unknown-linux-gnu/9.2.0/include]
  collapse include dir [/opt/riscv/lib/gcc/riscv64-unknown-linux-gnu/9.2.0/include-fixed] ==> [/opt/riscv/lib/gcc/riscv64-unknown-linux-gnu/9.2.0/include-fixed]
  collapse include dir [/opt/riscv/lib/gcc/riscv64-unknown-linux-gnu/9.2.0/../../../../riscv64-unknown-linux-gnu/include] ==> [/opt/riscv/riscv64-unknown-linux-gnu/include]
  collapse include dir [/opt/riscv/sysroot/usr/include] ==> [/opt/riscv/sysroot/usr/include]
  implicit include dirs: [/opt/riscv/lib/gcc/riscv64-unknown-linux-gnu/9.2.0/include;/opt/riscv/lib/gcc/riscv64-unknown-linux-gnu/9.2.0/include-fixed;/opt/riscv/riscv64-unknown-linux-gnu/include;/opt/riscv/sysroot/usr/include]


Parsed C implicit link information from above output:
  link line regex: [^( *|.*[/\])(ld|CMAKE_LINK_STARTFILE-NOTFOUND|([^/\]+-)?ld|collect2)[^/\]*( |$)]
  ignore line: [Change Dir: /home/brad/dev/riscv-uarch-attacks/CMakeFiles/CMakeTmp]
  ignore line: []
  ignore line: [Run Build Command(s):/usr/bin/make cmTC_a2e74/fast && /usr/bin/make -f CMakeFiles/cmTC_a2e74.dir/build.make CMakeFiles/cmTC_a2e74.dir/build]
  ignore line: [make[1]: Entering directory '/home/brad/dev/riscv-uarch-attacks/CMakeFiles/CMakeTmp']
  ignore line: [Building C object CMakeFiles/cmTC_a2e74.dir/CMakeCCompilerABI.c.o]
  ignore line: [/opt/riscv/bin/riscv64-unknown-linux-gnu-gcc   -v -o CMakeFiles/cmTC_a2e74.dir/CMakeCCompilerABI.c.o   -c /usr/share/cmake-3.16/Modules/CMakeCCompilerABI.c]
  ignore line: [Using built-in specs.]
  ignore line: [COLLECT_GCC=/opt/riscv/bin/riscv64-unknown-linux-gnu-gcc]
  ignore line: [Target: riscv64-unknown-linux-gnu]
  ignore line: [Configured with: /home/brad/dev/riscv-gnu-toolchain/riscv-gcc/configure --target=riscv64-unknown-linux-gnu --prefix=/opt/riscv --with-sysroot=/opt/riscv/sysroot --with-system-zlib --enable-shared --enable-tls --enable-languages=c c++ fortran --disable-libmudflap --disable-libssp --disable-libquadmath --disable-nls --disable-bootstrap --src=.././riscv-gcc --disable-multilib --with-abi=lp64d --with-arch=rv64imafdc --with-tune=rocket 'CFLAGS_FOR_TARGET=-O2   -mcmodel=medlow' 'CXXFLAGS_FOR_TARGET=-O2   -mcmodel=medlow']
  ignore line: [Thread model: posix]
  ignore line: [gcc version 9.2.0 (GCC) ]
  ignore line: [COLLECT_GCC_OPTIONS='-v' '-o' 'CMakeFiles/cmTC_a2e74.dir/CMakeCCompilerABI.c.o' '-c' '-mtune=rocket' '-march=rv64imafdc' '-mabi=lp64d']
  ignore line: [ /opt/riscv/libexec/gcc/riscv64-unknown-linux-gnu/9.2.0/cc1 -quiet -v /usr/share/cmake-3.16/Modules/CMakeCCompilerABI.c -quiet -dumpbase CMakeCCompilerABI.c -mtune=rocket -march=rv64imafdc -mabi=lp64d -auxbase-strip CMakeFiles/cmTC_a2e74.dir/CMakeCCompilerABI.c.o -version -o /tmp/cct5BnHf.s]
  ignore line: [GNU C17 (GCC) version 9.2.0 (riscv64-unknown-linux-gnu)]
  ignore line: [	compiled by GNU C version 7.4.0  GMP version 6.1.2  MPFR version 4.0.1  MPC version 1.1.0  isl version none]
  ignore line: [warning: GMP header version 6.1.2 differs from library version 6.2.0.]
  ignore line: [warning: MPFR header version 4.0.1 differs from library version 4.0.2.]
  ignore line: [GGC heuristics: --param ggc-min-expand=100 --param ggc-min-heapsize=131072]
  ignore line: [ignoring nonexistent directory "/opt/riscv/sysroot/usr/local/include"]
  ignore line: [#include "..." search starts here:]
  ignore line: [#include <...> search starts here:]
  ignore line: [ /opt/riscv/lib/gcc/riscv64-unknown-linux-gnu/9.2.0/include]
  ignore line: [ /opt/riscv/lib/gcc/riscv64-unknown-linux-gnu/9.2.0/include-fixed]
  ignore line: [ /opt/riscv/lib/gcc/riscv64-unknown-linux-gnu/9.2.0/../../../../riscv64-unknown-linux-gnu/include]
  ignore line: [ /opt/riscv/sysroot/usr/include]
  ignore line: [End of search list.]
  ignore line: [GNU C17 (GCC) version 9.2.0 (riscv64-unknown-linux-gnu)]
  ignore line: [	compiled by GNU C version 7.4.0  GMP version 6.1.2  MPFR version 4.0.1  MPC version 1.1.0  isl version none]
  ignore line: [warning: GMP header version 6.1.2 differs from library version 6.2.0.]
  ignore line: [warning: MPFR header version 4.0.1 differs from library version 4.0.2.]
  ignore line: [GGC heuristics: --param ggc-min-expand=100 --param ggc-min-heapsize=131072]
  ignore line: [Compiler executable checksum: 09bcd9495336ef1095400e576ed3e429]
  ignore line: [COLLECT_GCC_OPTIONS='-v' '-o' 'CMakeFiles/cmTC_a2e74.dir/CMakeCCompilerABI.c.o' '-c' '-mtune=rocket' '-march=rv64imafdc' '-mabi=lp64d']
  ignore line: [ /opt/riscv/lib/gcc/riscv64-unknown-linux-gnu/9.2.0/../../../../riscv64-unknown-linux-gnu/bin/as -v --traditional-format -march=rv64imafdc -mabi=lp64d -o CMakeFiles/cmTC_a2e74.dir/CMakeCCompilerABI.c.o /tmp/cct5BnHf.s]
  ignore line: [GNU assembler version 2.34 (riscv64-unknown-linux-gnu) using BFD version (GNU Binutils) 2.34]
  ignore line: [COMPILER_PATH=/opt/riscv/libexec/gcc/riscv64-unknown-linux-gnu/9.2.0/:/opt/riscv/libexec/gcc/riscv64-unknown-linux-gnu/9.2.0/:/opt/riscv/libexec/gcc/riscv64-unknown-linux-gnu/:/opt/riscv/lib/gcc/riscv64-unknown-linux-gnu/9.2.0/:/opt/riscv/lib/gcc/riscv64-unknown-linux-gnu/:/opt/riscv/lib/gcc/riscv64-unknown-linux-gnu/9.2.0/../../../../riscv64-unknown-linux-gnu/bin/]
  ignore line: [LIBRARY_PATH=/opt/riscv/lib/gcc/riscv64-unknown-linux-gnu/9.2.0/:/opt/riscv/lib/gcc/riscv64-unknown-linux-gnu/9.2.0/../../../../riscv64-unknown-linux-gnu/lib/:/opt/riscv/sysroot/lib/:/opt/riscv/sysroot/usr/lib/]
  ignore line: [COLLECT_GCC_OPTIONS='-v' '-o' 'CMakeFiles/cmTC_a2e74.dir/CMakeCCompilerABI.c.o' '-c' '-mtune=rocket' '-march=rv64imafdc' '-mabi=lp64d']
  ignore line: [Linking C executable cmTC_a2e74]
  ignore line: [/usr/bin/cmake -E cmake_link_script CMakeFiles/cmTC_a2e74.dir/link.txt --verbose=1]
  ignore line: [/opt/riscv/bin/riscv64-unknown-linux-gnu-gcc     -v -rdynamic CMakeFiles/cmTC_a2e74.dir/CMakeCCompilerABI.c.o  -o cmTC_a2e74 ]
  ignore line: [Using built-in specs.]
  ignore line: [COLLECT_GCC=/opt/riscv/bin/riscv64-unknown-linux-gnu-gcc]
  ignore line: [COLLECT_LTO_WRAPPER=/opt/riscv/libexec/gcc/riscv64-unknown-linux-gnu/9.2.0/lto-wrapper]
  ignore line: [Target: riscv64-unknown-linux-gnu]
  ignore line: [Configured with: /home/brad/dev/riscv-gnu-toolchain/riscv-gcc/configure --target=riscv64-unknown-linux-gnu --prefix=/opt/riscv --with-sysroot=/opt/riscv/sysroot --with-system-zlib --enable-shared --enable-tls --enable-languages=c c++ fortran --disable-libmudflap --disable-libssp --disable-libquadmath --disable-nls --disable-bootstrap --src=.././riscv-gcc --disable-multilib --with-abi=lp64d --with-arch=rv64imafdc --with-tune=rocket 'CFLAGS_FOR_TARGET=-O2   -mcmodel=medlow' 'CXXFLAGS_FOR_TARGET=-O2   -mcmodel=medlow']
  ignore line: [Thread model: posix]
  ignore line: [gcc version 9.2.0 (GCC) ]
  ignore line: [COMPILER_PATH=/opt/riscv/libexec/gcc/riscv64-unknown-linux-gnu/9.2.0/:/opt/riscv/libexec/gcc/riscv64-unknown-linux-gnu/9.2.0/:/opt/riscv/libexec/gcc/riscv64-unknown-linux-gnu/:/opt/riscv/lib/gcc/riscv64-unknown-linux-gnu/9.2.0/:/opt/riscv/lib/gcc/riscv64-unknown-linux-gnu/:/opt/riscv/lib/gcc/riscv64-unknown-linux-gnu/9.2.0/../../../../riscv64-unknown-linux-gnu/bin/]
  ignore line: [LIBRARY_PATH=/opt/riscv/lib/gcc/riscv64-unknown-linux-gnu/9.2.0/:/opt/riscv/lib/gcc/riscv64-unknown-linux-gnu/9.2.0/../../../../riscv64-unknown-linux-gnu/lib/:/opt/riscv/sysroot/lib/:/opt/riscv/sysroot/usr/lib/]
  ignore line: [COLLECT_GCC_OPTIONS='-v' '-rdynamic' '-o' 'cmTC_a2e74' '-mtune=rocket' '-march=rv64imafdc' '-mabi=lp64d']
  link line: [ /opt/riscv/libexec/gcc/riscv64-unknown-linux-gnu/9.2.0/collect2 -plugin /opt/riscv/libexec/gcc/riscv64-unknown-linux-gnu/9.2.0/liblto_plugin.so -plugin-opt=/opt/riscv/libexec/gcc/riscv64-unknown-linux-gnu/9.2.0/lto-wrapper -plugin-opt=-fresolution=/tmp/ccg9Sb9H.res -plugin-opt=-pass-through=-lgcc -plugin-opt=-pass-through=-lgcc_s -plugin-opt=-pass-through=-lc -plugin-opt=-pass-through=-lgcc -plugin-opt=-pass-through=-lgcc_s --sysroot=/opt/riscv/sysroot --eh-frame-hdr -melf64lriscv -export-dynamic -dynamic-linker /lib/ld-linux-riscv64-lp64d.so.1 -o cmTC_a2e74 /opt/riscv/sysroot/usr/lib/crt1.o /opt/riscv/lib/gcc/riscv64-unknown-linux-gnu/9.2.0/crti.o /opt/riscv/lib/gcc/riscv64-unknown-linux-gnu/9.2.0/crtbegin.o -L/opt/riscv/lib/gcc/riscv64-unknown-linux-gnu/9.2.0 -L/opt/riscv/lib/gcc/riscv64-unknown-linux-gnu/9.2.0/../../../../riscv64-unknown-linux-gnu/lib -L/opt/riscv/sysroot/lib -L/opt/riscv/sysroot/usr/lib CMakeFiles/cmTC_a2e74.dir/CMakeCCompilerABI.c.o -lgcc --push-state --as-needed -lgcc_s --pop-state -lc -lgcc --push-state --as-needed -lgcc_s --pop-state /opt/riscv/lib/gcc/riscv64-unknown-linux-gnu/9.2.0/crtend.o /opt/riscv/lib/gcc/riscv64-unknown-linux-gnu/9.2.0/crtn.o]
    arg [/opt/riscv/libexec/gcc/riscv64-unknown-linux-gnu/9.2.0/collect2] ==> ignore
    arg [-plugin] ==> ignore
    arg [/opt/riscv/libexec/gcc/riscv64-unknown-linux-gnu/9.2.0/liblto_plugin.so] ==> ignore
    arg [-plugin-opt=/opt/riscv/libexec/gcc/riscv64-unknown-linux-gnu/9.2.0/lto-wrapper] ==> ignore
    arg [-plugin-opt=-fresolution=/tmp/ccg9Sb9H.res] ==> ignore
    arg [-plugin-opt=-pass-through=-lgcc] ==> ignore
    arg [-plugin-opt=-pass-through=-lgcc_s] ==> ignore
    arg [-plugin-opt=-pass-through=-lc] ==> ignore
    arg [-plugin-opt=-pass-through=-lgcc] ==> ignore
    arg [-plugin-opt=-pass-through=-lgcc_s] ==> ignore
    arg [--sysroot=/opt/riscv/sysroot] ==> ignore
    arg [--eh-frame-hdr] ==> ignore
    arg [-melf64lriscv] ==> ignore
    arg [-export-dynamic] ==> ignore
    arg [-dynamic-linker] ==> ignore
    arg [/lib/ld-linux-riscv64-lp64d.so.1] ==> ignore
    arg [-o] ==> ignore
    arg [cmTC_a2e74] ==> ignore
    arg [/opt/riscv/sysroot/usr/lib/crt1.o] ==> ignore
    arg [/opt/riscv/lib/gcc/riscv64-unknown-linux-gnu/9.2.0/crti.o] ==> ignore
    arg [/opt/riscv/lib/gcc/riscv64-unknown-linux-gnu/9.2.0/crtbegin.o] ==> ignore
    arg [-L/opt/riscv/lib/gcc/riscv64-unknown-linux-gnu/9.2.0] ==> dir [/opt/riscv/lib/gcc/riscv64-unknown-linux-gnu/9.2.0]
    arg [-L/opt/riscv/lib/gcc/riscv64-unknown-linux-gnu/9.2.0/../../../../riscv64-unknown-linux-gnu/lib] ==> dir [/opt/riscv/lib/gcc/riscv64-unknown-linux-gnu/9.2.0/../../../../riscv64-unknown-linux-gnu/lib]
    arg [-L/opt/riscv/sysroot/lib] ==> dir [/opt/riscv/sysroot/lib]
    arg [-L/opt/riscv/sysroot/usr/lib] ==> dir [/opt/riscv/sysroot/usr/lib]
    arg [CMakeFiles/cmTC_a2e74.dir/CMakeCCompilerABI.c.o] ==> ignore
    arg [-lgcc] ==> lib [gcc]
    arg [--push-state] ==> ignore
    arg [--as-needed] ==> ignore
    arg [-lgcc_s] ==> lib [gcc_s]
    arg [--pop-state] ==> ignore
    arg [-lc] ==> lib [c]
    arg [-lgcc] ==> lib [gcc]
    arg [--push-state] ==> ignore
    arg [--as-needed] ==> ignore
    arg [-lgcc_s] ==> lib [gcc_s]
    arg [--pop-state] ==> ignore
    arg [/opt/riscv/lib/gcc/riscv64-unknown-linux-gnu/9.2.0/crtend.o] ==> ignore
    arg [/opt/riscv/lib/gcc/riscv64-unknown-linux-gnu/9.2.0/crtn.o] ==> ignore
  collapse library dir [/opt/riscv/lib/gcc/riscv64-unknown-linux-gnu/9.2.0] ==> [/opt/riscv/lib/gcc/riscv64-unknown-linux-gnu/9.2.0]
  collapse library dir [/opt/riscv/lib/gcc/riscv64-unknown-linux-gnu/9.2.0/../../../../riscv64-unknown-linux-gnu/lib] ==> [/opt/riscv/riscv64-unknown-linux-gnu/lib]
  collapse library dir [/opt/riscv/sysroot/lib] ==> [/opt/riscv/sysroot/lib]
  collapse library dir [/opt/riscv/sysroot/usr/lib] ==> [/opt/riscv/sysroot/usr/lib]
  implicit libs: [gcc;gcc_s;c;gcc;gcc_s]
  implicit dirs: [/opt/riscv/lib/gcc/riscv64-unknown-linux-gnu/9.2.0;/opt/riscv/riscv64-unknown-linux-gnu/lib;/opt/riscv/sysroot/lib;/opt/riscv/sysroot/usr/lib]
  implicit fwks: []


